[35m[1mScanning dependencies of target mp[0m
[ 25%] Built target pos
[ 37%] [32mBuilding CXX object CMakeFiles/mp.dir/src/mp.cpp.o[0m
[ 62%] Built target lds
[ 87%] Built target hlc
[01m[K/root/mp_lks/ros2_ws/src/cecar_lks/src/mp.cpp:42:1:[m[K [01;31m[Kerror: [m[Kexpected â€˜[01m[K}[m[Kâ€™ at end of input
 [01;31m[K}[m[K

 [01;31m[K^[m[K
[01m[K/root/mp_lks/ros2_ws/src/cecar_lks/src/mp.cpp:[m[K In constructor â€˜[01m[Kmp_node::mp_node()[m[Kâ€™:
[01m[K/root/mp_lks/ros2_ws/src/cecar_lks/src/mp.cpp:15:27:[m[K [01;31m[Kerror: [m[Kclass â€˜[01m[Kmp_node[m[Kâ€™ does not have any field named â€˜[01m[Kcount_[m[Kâ€™
   : Node("mp_publisher"), [01;31m[Kcount_[m[K(0)

                           [01;31m[K^~~~~~[m[K
[01m[K/root/mp_lks/ros2_ws/src/cecar_lks/src/mp.cpp:17:5:[m[K [01;31m[Kerror: [m[Kâ€˜[01m[Kpublisher_[m[Kâ€™ was not declared in this scope
     [01;31m[Kpublisher_[m[K = this->create_publisher<std_msgs::msg::String>("topic", 10);

     [01;31m[K^~~~~~~~~~[m[K
[01m[K/root/mp_lks/ros2_ws/src/cecar_lks/src/mp.cpp:17:5:[m[K [01;36m[Knote: [m[Ksuggested alternative: â€˜[01m[Krcl_publisher_t[m[Kâ€™
     [01;36m[Kpublisher_[m[K = this->create_publisher<std_msgs::msg::String>("topic", 10);

     [01;36m[K^~~~~~~~~~[m[K
     [32m[Krcl_publisher_t[m[K
[01m[K/root/mp_lks/ros2_ws/src/cecar_lks/src/mp.cpp:18:5:[m[K [01;31m[Kerror: [m[Kâ€˜[01m[Ktimer_[m[Kâ€™ was not declared in this scope
     [01;31m[Ktimer_[m[K = this->create_wall_timer(

     [01;31m[K^~~~~~[m[K
[01m[K/root/mp_lks/ros2_ws/src/cecar_lks/src/mp.cpp:18:5:[m[K [01;36m[Knote: [m[Ksuggested alternative: â€˜[01m[Ktimer_t[m[Kâ€™
     [01;36m[Ktimer_[m[K = this->create_wall_timer(

     [01;36m[K^~~~~~[m[K
     [32m[Ktimer_t[m[K
[01m[K/root/mp_lks/ros2_ws/src/cecar_lks/src/mp.cpp:19:33:[m[K [01;31m[Kerror: [m[Kâ€˜[01m[Ktimer_callback[m[Kâ€™ is not a member of â€˜[01m[Kmp_node[m[Kâ€™
       50ms, std::bind(&mp_node::[01;31m[Ktimer_callback[m[K, this));

                                 [01;31m[K^~~~~~~~~~~~~~[m[K
[01m[K/root/mp_lks/ros2_ws/src/cecar_lks/src/mp.cpp:[m[K At global scope:
[01m[K/root/mp_lks/ros2_ws/src/cecar_lks/src/mp.cpp:42:1:[m[K [01;31m[Kerror: [m[Kexpected unqualified-id at end of input
 [01;31m[K}[m[K

 [01;31m[K^[m[K
make[2]: *** [CMakeFiles/mp.dir/src/mp.cpp.o] Error 1
CMakeFiles/mp.dir/build.make:62: recipe for target 'CMakeFiles/mp.dir/src/mp.cpp.o' failed
CMakeFiles/Makefile2:242: recipe for target 'CMakeFiles/mp.dir/all' failed
make[1]: *** [CMakeFiles/mp.dir/all] Error 2
make: *** [all] Error 2
Makefile:140: recipe for target 'all' failed
