[0.030s] Invoking command in '/root/mp_lks/ros2_ws/build/cecar_lks': CMAKE_PREFIX_PATH=${CMAKE_PREFIX_PATH}:/opt/ros/eloquent /usr/bin/cmake --build /root/mp_lks/ros2_ws/build/cecar_lks -- -j4 -l4
[0.101s] [35m[1mScanning dependencies of target mp[0m
[0.130s] [ 25%] Built target pos
[0.135s] [ 37%] [32mBuilding CXX object CMakeFiles/mp.dir/src/mp.cpp.o[0m
[0.143s] [ 62%] Built target lds
[0.147s] [ 87%] Built target hlc
[1.343s] [01m[K/root/mp_lks/ros2_ws/src/cecar_lks/src/mp.cpp:42:1:[m[K [01;31m[Kerror: [m[Kexpected â€˜[01m[K}[m[Kâ€™ at end of input
[1.343s]  [01;31m[K}[m[K
[1.343s] 
[1.343s]  [01;31m[K^[m[K
[1.343s] [01m[K/root/mp_lks/ros2_ws/src/cecar_lks/src/mp.cpp:[m[K In constructor â€˜[01m[Kmp_node::mp_node()[m[Kâ€™:
[1.343s] [01m[K/root/mp_lks/ros2_ws/src/cecar_lks/src/mp.cpp:15:27:[m[K [01;31m[Kerror: [m[Kclass â€˜[01m[Kmp_node[m[Kâ€™ does not have any field named â€˜[01m[Kcount_[m[Kâ€™
[1.343s]    : Node("mp_publisher"), [01;31m[Kcount_[m[K(0)
[1.343s] 
[1.344s]                            [01;31m[K^~~~~~[m[K
[1.344s] [01m[K/root/mp_lks/ros2_ws/src/cecar_lks/src/mp.cpp:17:5:[m[K [01;31m[Kerror: [m[Kâ€˜[01m[Kpublisher_[m[Kâ€™ was not declared in this scope
[1.344s]      [01;31m[Kpublisher_[m[K = this->create_publisher<std_msgs::msg::String>("topic", 10);
[1.344s] 
[1.344s]      [01;31m[K^~~~~~~~~~[m[K
[1.345s] [01m[K/root/mp_lks/ros2_ws/src/cecar_lks/src/mp.cpp:17:5:[m[K [01;36m[Knote: [m[Ksuggested alternative: â€˜[01m[Krcl_publisher_t[m[Kâ€™
[1.345s]      [01;36m[Kpublisher_[m[K = this->create_publisher<std_msgs::msg::String>("topic", 10);
[1.346s] 
[1.346s]      [01;36m[K^~~~~~~~~~[m[K
[1.346s]      [32m[Krcl_publisher_t[m[K
[1.354s] [01m[K/root/mp_lks/ros2_ws/src/cecar_lks/src/mp.cpp:18:5:[m[K [01;31m[Kerror: [m[Kâ€˜[01m[Ktimer_[m[Kâ€™ was not declared in this scope
[1.354s]      [01;31m[Ktimer_[m[K = this->create_wall_timer(
[1.354s] 
[1.355s]      [01;31m[K^~~~~~[m[K
[1.355s] [01m[K/root/mp_lks/ros2_ws/src/cecar_lks/src/mp.cpp:18:5:[m[K [01;36m[Knote: [m[Ksuggested alternative: â€˜[01m[Ktimer_t[m[Kâ€™
[1.356s]      [01;36m[Ktimer_[m[K = this->create_wall_timer(
[1.356s] 
[1.356s]      [01;36m[K^~~~~~[m[K
[1.356s]      [32m[Ktimer_t[m[K
[1.356s] [01m[K/root/mp_lks/ros2_ws/src/cecar_lks/src/mp.cpp:19:33:[m[K [01;31m[Kerror: [m[Kâ€˜[01m[Ktimer_callback[m[Kâ€™ is not a member of â€˜[01m[Kmp_node[m[Kâ€™
[1.356s]        50ms, std::bind(&mp_node::[01;31m[Ktimer_callback[m[K, this));
[1.356s] 
[1.356s]                                  [01;31m[K^~~~~~~~~~~~~~[m[K
[1.356s] [01m[K/root/mp_lks/ros2_ws/src/cecar_lks/src/mp.cpp:[m[K At global scope:
[1.356s] [01m[K/root/mp_lks/ros2_ws/src/cecar_lks/src/mp.cpp:42:1:[m[K [01;31m[Kerror: [m[Kexpected unqualified-id at end of input
[1.357s]  [01;31m[K}[m[K
[1.357s] 
[1.357s]  [01;31m[K^[m[K
[1.781s] make[2]: *** [CMakeFiles/mp.dir/src/mp.cpp.o] Error 1
[1.782s] CMakeFiles/mp.dir/build.make:62: recipe for target 'CMakeFiles/mp.dir/src/mp.cpp.o' failed
[1.782s] CMakeFiles/Makefile2:242: recipe for target 'CMakeFiles/mp.dir/all' failed
[1.782s] make[1]: *** [CMakeFiles/mp.dir/all] Error 2
[1.782s] make: *** [all] Error 2
[1.782s] Makefile:140: recipe for target 'all' failed
[1.784s] Invoked command in '/root/mp_lks/ros2_ws/build/cecar_lks' returned '2': CMAKE_PREFIX_PATH=${CMAKE_PREFIX_PATH}:/opt/ros/eloquent /usr/bin/cmake --build /root/mp_lks/ros2_ws/build/cecar_lks -- -j4 -l4
