[35m[1mScanning dependencies of target hlc[0m
[ 77%] Built target lds
[ 77%] Built target pos
[ 77%] Built target mp
[ 77%] [32mBuilding CXX object CMakeFiles/hlc.dir/src/hlc.cpp.o[0m
[01m[K/home/lks/LKS/mp_lks/ros2_ws/src/cecar_lks/src/hlc.cpp:[m[K In function â€˜[01m[Kint main(int, char**)[m[Kâ€™:
[01m[K/home/lks/LKS/mp_lks/ros2_ws/src/cecar_lks/src/hlc.cpp:40:3:[m[K [01;31m[Kerror: [m[Kâ€˜[01m[Kusleep[m[Kâ€™ was not declared in this scope
   [01;31m[Kusleep[m[K((2000+100)*1000);

   [01;31m[K^~~~~~[m[K
[01m[K/home/lks/LKS/mp_lks/ros2_ws/src/cecar_lks/src/hlc.cpp:40:3:[m[K [01;36m[Knote: [m[Ksuggested alternative: â€˜[01m[Kfseek[m[Kâ€™
   [01;36m[Kusleep[m[K((2000+100)*1000);

   [01;36m[K^~~~~~[m[K
   [32m[Kfseek[m[K
CMakeFiles/hlc.dir/build.make:62: recipe for target 'CMakeFiles/hlc.dir/src/hlc.cpp.o' failed
make[2]: *** [CMakeFiles/hlc.dir/src/hlc.cpp.o] Error 1
make[1]: *** [CMakeFiles/hlc.dir/all] Error 2
CMakeFiles/Makefile2:99: recipe for target 'CMakeFiles/hlc.dir/all' failed
Makefile:140: recipe for target 'all' failed
make: *** [all] Error 2
