[35m[1mScanning dependencies of target hlc[0m
[ 77%] Built target mp
[ 77%] Built target lds
[ 77%] Built target pos
[ 77%] [32mBuilding C object CMakeFiles/hlc.dir/src/warning.c.o[0m
[01m[K/home/lks/LKS/mp_lks/ros2_ws/src/cecar_lks/src/warning.c:[m[K In function â€˜[01m[Kjoyrumble[m[Kâ€™:
[01m[K/home/lks/LKS/mp_lks/ros2_ws/src/cecar_lks/src/warning.c:251:40:[m[K [01;31m[Kerror: [m[Kexpected â€˜[01m[K;[m[Kâ€™ before â€˜[01m[K)[m[Kâ€™ token
   printf("Strong:%d\n",int_strong[joy])[01;31m[K)[m[K;
                                        [01;31m[K^[m[K
[01m[K/home/lks/LKS/mp_lks/ros2_ws/src/cecar_lks/src/warning.c:251:40:[m[K [01;31m[Kerror: [m[Kexpected statement before â€˜[01m[K)[m[Kâ€™ token
[01m[K/home/lks/LKS/mp_lks/ros2_ws/src/cecar_lks/src/warning.c:252:36:[m[K [01;31m[Kerror: [m[Kexpected â€˜[01m[K;[m[Kâ€™ before â€˜[01m[K)[m[Kâ€™ token
   printf("Weak:%d\n",int_weak[joy])[01;31m[K)[m[K;
                                    [01;31m[K^[m[K
[01m[K/home/lks/LKS/mp_lks/ros2_ws/src/cecar_lks/src/warning.c:252:36:[m[K [01;31m[Kerror: [m[Kexpected statement before â€˜[01m[K)[m[Kâ€™ token
[01m[K/home/lks/LKS/mp_lks/ros2_ws/src/cecar_lks/src/warning.c:253:44:[m[K [01;31m[Kerror: [m[Kexpected â€˜[01m[K;[m[Kâ€™ before â€˜[01m[K)[m[Kâ€™ token
   printf("Duration:%d\n",int_duration[joy])[01;31m[K)[m[K;
                                            [01;31m[K^[m[K
[01m[K/home/lks/LKS/mp_lks/ros2_ws/src/cecar_lks/src/warning.c:253:44:[m[K [01;31m[Kerror: [m[Kexpected statement before â€˜[01m[K)[m[Kâ€™ token
make[2]: *** [CMakeFiles/hlc.dir/src/warning.c.o] Error 1
CMakeFiles/hlc.dir/build.make:86: recipe for target 'CMakeFiles/hlc.dir/src/warning.c.o' failed
CMakeFiles/Makefile2:99: recipe for target 'CMakeFiles/hlc.dir/all' failed
make[1]: *** [CMakeFiles/hlc.dir/all] Error 2
Makefile:140: recipe for target 'all' failed
make: *** [all] Error 2
